<?xml version="1.0" encoding="UTF-8"?>
<!-- Generated by org.testng.reporters.JUnitXMLReporter -->
<testsuite hostname="DESKTOP-SVPQIOF" ignored="0" name="chrometest" tests="3" failures="0" timestamp="29 Aug 2020 15:05:33 GMT" time="34.94" errors="0">
  <testcase name="actualtest" time="0.227" classname="com.common.CrosBrowsserBase"/>
  <testcase name="getBrowser" time="8.022" classname="com.common.CrosBrowsserBase"/>
  <testcase name="testt" time="0.024" classname="com.common.CrosBrowsserBase"/>
</testsuite> <!-- chrometest -->
