<?xml version="1.0" encoding="UTF-8"?>
<testng-results skipped="0" failed="0" ignored="0" total="1" passed="1">
  <reporter-output>
  </reporter-output>
  <suite name="Default suite" duration-ms="13358" started-at="2020-01-11T01:20:08Z" finished-at="2020-01-11T01:20:21Z">
    <groups>
    </groups>
    <test name="Default test" duration-ms="13358" started-at="2020-01-11T01:20:08Z" finished-at="2020-01-11T01:20:21Z">
      <class name="com.testngpractice.TestngPractice">
        <test-method status="PASS" signature="getDriver()[pri:0, instance:com.testngpractice.TestngPractice@66a3ffec]" name="getDriver" is-config="true" duration-ms="8013" started-at="2020-01-11T01:20:08Z" finished-at="2020-01-11T01:20:16Z">
          <reporter-output>
          </reporter-output>
        </test-method> <!-- getDriver -->
        <test-method status="PASS" signature="testOne()[pri:0, instance:com.testngpractice.TestngPractice@66a3ffec]" name="testOne" duration-ms="4531" started-at="2020-01-11T01:20:16Z" finished-at="2020-01-11T01:20:21Z">
          <reporter-output>
          </reporter-output>
        </test-method> <!-- testOne -->
        <test-method status="PASS" signature="end()[pri:0, instance:com.testngpractice.TestngPractice@66a3ffec]" name="end" is-config="true" duration-ms="791" started-at="2020-01-11T01:20:21Z" finished-at="2020-01-11T01:20:21Z">
          <reporter-output>
          </reporter-output>
        </test-method> <!-- end -->
      </class> <!-- com.testngpractice.TestngPractice -->
    </test> <!-- Default test -->
  </suite> <!-- Default suite -->
</testng-results>
