<?xml version="1.0" encoding="UTF-8"?>
<testng-results skipped="0" failed="1" ignored="0" total="6" passed="5">
  <reporter-output>
  </reporter-output>
  <suite name="Suite" duration-ms="34940" started-at="2020-08-29T15:04:58Z" finished-at="2020-08-29T15:05:33Z">
    <groups>
      <group name="test2">
        <method signature="CrosBrowsserBase.testt()[pri:0, instance:com.common.CrosBrowsserBase@57baeedf]" name="testt" class="com.common.CrosBrowsserBase"/>
        <method signature="CrosBrowsserBase.testt()[pri:0, instance:com.common.CrosBrowsserBase@490ab905]" name="testt" class="com.common.CrosBrowsserBase"/>
      </group> <!-- test2 -->
      <group name="testone">
        <method signature="CrosBrowsserBase.getBrowser(java.lang.String)[pri:0, instance:com.common.CrosBrowsserBase@57baeedf]" name="getBrowser" class="com.common.CrosBrowsserBase"/>
        <method signature="CrosBrowsserBase.getBrowser(java.lang.String)[pri:0, instance:com.common.CrosBrowsserBase@490ab905]" name="getBrowser" class="com.common.CrosBrowsserBase"/>
      </group> <!-- testone -->
    </groups>
    <test name="geckotest" duration-ms="28728" started-at="2020-08-29T15:04:58Z" finished-at="2020-08-29T15:05:27Z">
      <class name="com.common.CrosBrowsserBase">
        <test-method status="PASS" signature="getBrowser(java.lang.String)[pri:0, instance:com.common.CrosBrowsserBase@490ab905]" name="getBrowser" is-config="true" duration-ms="5752" started-at="2020-08-29T15:04:58Z" finished-at="2020-08-29T15:05:04Z">
          <params>
            <param index="0">
              <value>
                <![CDATA[firefox]]>
              </value>
            </param>
          </params>
          <reporter-output>
          </reporter-output>
        </test-method> <!-- getBrowser -->
        <test-method status="FAIL" signature="actualtest()[pri:0, instance:com.common.CrosBrowsserBase@490ab905]" name="actualtest" duration-ms="426" started-at="2020-08-29T15:05:04Z" finished-at="2020-08-29T15:05:04Z">
          <exception class="org.openqa.selenium.ElementNotInteractableException">
            <message>
              <![CDATA[Element <option> could not be scrolled into view
Build info: version: '3.141.59', revision: 'e82be7d358', time: '2018-11-14T08:17:03'
System info: host: 'DESKTOP-SVPQIOF', ip: '10.67.105.25', os.name: 'Windows 10', os.arch: 'amd64', os.version: '10.0', java.version: '1.8.0_261'
Driver info: org.openqa.selenium.firefox.FirefoxDriver
Capabilities {acceptInsecureCerts: true, browserName: firefox, browserVersion: 80.0, javascriptEnabled: true, moz:accessibilityChecks: false, moz:buildID: 20200818235255, moz:geckodriverVersion: 0.26.0, moz:headless: false, moz:processID: 1192, moz:profile: C:\Users\farha\AppData\Loca..., moz:shutdownTimeout: 60000, moz:useNonSpecCompliantPointerOrigin: false, moz:webdriverClick: true, pageLoadStrategy: normal, platform: WINDOWS, platformName: WINDOWS, platformVersion: 10.0, rotatable: false, setWindowRect: true, strictFileInteractability: false, timeouts: {implicit: 0, pageLoad: 300000, script: 30000}, unhandledPromptBehavior: dismiss and notify}
Session ID: 89cc96b5-6806-4e44-af1c-c193a31a32aa]]>
            </message>
            <full-stacktrace>
              <![CDATA[org.openqa.selenium.ElementNotInteractableException: Element <option> could not be scrolled into view
Build info: version: '3.141.59', revision: 'e82be7d358', time: '2018-11-14T08:17:03'
System info: host: 'DESKTOP-SVPQIOF', ip: '10.67.105.25', os.name: 'Windows 10', os.arch: 'amd64', os.version: '10.0', java.version: '1.8.0_261'
Driver info: org.openqa.selenium.firefox.FirefoxDriver
Capabilities {acceptInsecureCerts: true, browserName: firefox, browserVersion: 80.0, javascriptEnabled: true, moz:accessibilityChecks: false, moz:buildID: 20200818235255, moz:geckodriverVersion: 0.26.0, moz:headless: false, moz:processID: 1192, moz:profile: C:\Users\farha\AppData\Loca..., moz:shutdownTimeout: 60000, moz:useNonSpecCompliantPointerOrigin: false, moz:webdriverClick: true, pageLoadStrategy: normal, platform: WINDOWS, platformName: WINDOWS, platformVersion: 10.0, rotatable: false, setWindowRect: true, strictFileInteractability: false, timeouts: {implicit: 0, pageLoad: 300000, script: 30000}, unhandledPromptBehavior: dismiss and notify}
Session ID: 89cc96b5-6806-4e44-af1c-c193a31a32aa
at sun.reflect.NativeConstructorAccessorImpl.newInstance0(Native Method)
at sun.reflect.NativeConstructorAccessorImpl.newInstance(Unknown Source)
at sun.reflect.DelegatingConstructorAccessorImpl.newInstance(Unknown Source)
at java.lang.reflect.Constructor.newInstance(Unknown Source)
at org.openqa.selenium.remote.http.W3CHttpResponseCodec.createException(W3CHttpResponseCodec.java:187)
at org.openqa.selenium.remote.http.W3CHttpResponseCodec.decode(W3CHttpResponseCodec.java:122)
at org.openqa.selenium.remote.http.W3CHttpResponseCodec.decode(W3CHttpResponseCodec.java:49)
at org.openqa.selenium.remote.HttpCommandExecutor.execute(HttpCommandExecutor.java:158)
at org.openqa.selenium.remote.service.DriverCommandExecutor.execute(DriverCommandExecutor.java:83)
at org.openqa.selenium.remote.RemoteWebDriver.execute(RemoteWebDriver.java:552)
at org.openqa.selenium.remote.RemoteWebElement.execute(RemoteWebElement.java:285)
at org.openqa.selenium.remote.RemoteWebElement.click(RemoteWebElement.java:84)
at org.openqa.selenium.support.ui.Select.setSelected(Select.java:311)
at org.openqa.selenium.support.ui.Select.selectByVisibleText(Select.java:116)
at com.common.CrosBrowsserBase.actualtest(CrosBrowsserBase.java:55)
at sun.reflect.NativeMethodAccessorImpl.invoke0(Native Method)
at sun.reflect.NativeMethodAccessorImpl.invoke(Unknown Source)
at sun.reflect.DelegatingMethodAccessorImpl.invoke(Unknown Source)
at java.lang.reflect.Method.invoke(Unknown Source)
at org.testng.internal.MethodInvocationHelper.invokeMethod(MethodInvocationHelper.java:124)
at org.testng.internal.Invoker.invokeMethod(Invoker.java:583)
at org.testng.internal.Invoker.invokeTestMethod(Invoker.java:719)
at org.testng.internal.Invoker.invokeTestMethods(Invoker.java:989)
at org.testng.internal.TestMethodWorker.invokeTestMethods(TestMethodWorker.java:125)
at org.testng.internal.TestMethodWorker.run(TestMethodWorker.java:109)
at org.testng.TestRunner.privateRun(TestRunner.java:648)
at org.testng.TestRunner.run(TestRunner.java:505)
at org.testng.SuiteRunner.runTest(SuiteRunner.java:455)
at org.testng.SuiteRunner.access$000(SuiteRunner.java:40)
at org.testng.SuiteRunner$SuiteWorker.run(SuiteRunner.java:489)
at org.testng.internal.thread.ThreadUtil$1.call(ThreadUtil.java:52)
at java.util.concurrent.FutureTask.run(Unknown Source)
at java.util.concurrent.ThreadPoolExecutor.runWorker(Unknown Source)
at java.util.concurrent.ThreadPoolExecutor$Worker.run(Unknown Source)
at java.lang.Thread.run(Unknown Source)
]]>
            </full-stacktrace>
          </exception> <!-- org.openqa.selenium.ElementNotInteractableException -->
          <reporter-output>
          </reporter-output>
        </test-method> <!-- actualtest -->
        <test-method status="PASS" signature="teardown()[pri:0, instance:com.common.CrosBrowsserBase@490ab905]" name="teardown" is-config="true" duration-ms="1737" started-at="2020-08-29T15:05:04Z" finished-at="2020-08-29T15:05:06Z">
          <reporter-output>
          </reporter-output>
        </test-method> <!-- teardown -->
        <test-method status="PASS" signature="getBrowser(java.lang.String)[pri:0, instance:com.common.CrosBrowsserBase@490ab905]" name="getBrowser" is-config="true" duration-ms="4971" started-at="2020-08-29T15:05:06Z" finished-at="2020-08-29T15:05:11Z">
          <params>
            <param index="0">
              <value>
                <![CDATA[firefox]]>
              </value>
            </param>
          </params>
          <reporter-output>
          </reporter-output>
        </test-method> <!-- getBrowser -->
        <test-method status="PASS" signature="getBrowser(java.lang.String)[pri:0, instance:com.common.CrosBrowsserBase@490ab905]" name="getBrowser" duration-ms="7078" started-at="2020-08-29T15:05:11Z" finished-at="2020-08-29T15:05:18Z">
          <params>
            <param index="0">
              <value>
                <![CDATA[firefox]]>
              </value>
            </param>
          </params>
          <reporter-output>
          </reporter-output>
        </test-method> <!-- getBrowser -->
        <test-method status="PASS" signature="teardown()[pri:0, instance:com.common.CrosBrowsserBase@490ab905]" name="teardown" is-config="true" duration-ms="1177" started-at="2020-08-29T15:05:18Z" finished-at="2020-08-29T15:05:19Z">
          <reporter-output>
          </reporter-output>
        </test-method> <!-- teardown -->
        <test-method status="PASS" signature="getBrowser(java.lang.String)[pri:0, instance:com.common.CrosBrowsserBase@490ab905]" name="getBrowser" is-config="true" duration-ms="6142" started-at="2020-08-29T15:05:19Z" finished-at="2020-08-29T15:05:25Z">
          <params>
            <param index="0">
              <value>
                <![CDATA[firefox]]>
              </value>
            </param>
          </params>
          <reporter-output>
          </reporter-output>
        </test-method> <!-- getBrowser -->
        <test-method status="PASS" signature="testt()[pri:0, instance:com.common.CrosBrowsserBase@490ab905]" name="testt" duration-ms="5" started-at="2020-08-29T15:05:25Z" finished-at="2020-08-29T15:05:25Z">
          <reporter-output>
          </reporter-output>
        </test-method> <!-- testt -->
        <test-method status="PASS" signature="teardown()[pri:0, instance:com.common.CrosBrowsserBase@490ab905]" name="teardown" is-config="true" duration-ms="1399" started-at="2020-08-29T15:05:25Z" finished-at="2020-08-29T15:05:27Z">
          <reporter-output>
          </reporter-output>
        </test-method> <!-- teardown -->
      </class> <!-- com.common.CrosBrowsserBase -->
    </test> <!-- geckotest -->
    <test name="chrometest" duration-ms="34940" started-at="2020-08-29T15:04:58Z" finished-at="2020-08-29T15:05:33Z">
      <class name="com.common.CrosBrowsserBase">
        <test-method status="PASS" signature="getBrowser(java.lang.String)[pri:0, instance:com.common.CrosBrowsserBase@57baeedf]" name="getBrowser" is-config="true" duration-ms="8863" started-at="2020-08-29T15:04:58Z" finished-at="2020-08-29T15:05:07Z">
          <params>
            <param index="0">
              <value>
                <![CDATA[chrome]]>
              </value>
            </param>
          </params>
          <reporter-output>
          </reporter-output>
        </test-method> <!-- getBrowser -->
        <test-method status="PASS" signature="actualtest()[pri:0, instance:com.common.CrosBrowsserBase@57baeedf]" name="actualtest" duration-ms="227" started-at="2020-08-29T15:05:07Z" finished-at="2020-08-29T15:05:07Z">
          <reporter-output>
          </reporter-output>
        </test-method> <!-- actualtest -->
        <test-method status="PASS" signature="teardown()[pri:0, instance:com.common.CrosBrowsserBase@57baeedf]" name="teardown" is-config="true" duration-ms="782" started-at="2020-08-29T15:05:07Z" finished-at="2020-08-29T15:05:08Z">
          <reporter-output>
          </reporter-output>
        </test-method> <!-- teardown -->
        <test-method status="PASS" signature="getBrowser(java.lang.String)[pri:0, instance:com.common.CrosBrowsserBase@57baeedf]" name="getBrowser" is-config="true" duration-ms="8502" started-at="2020-08-29T15:05:08Z" finished-at="2020-08-29T15:05:16Z">
          <params>
            <param index="0">
              <value>
                <![CDATA[chrome]]>
              </value>
            </param>
          </params>
          <reporter-output>
          </reporter-output>
        </test-method> <!-- getBrowser -->
        <test-method status="PASS" signature="getBrowser(java.lang.String)[pri:0, instance:com.common.CrosBrowsserBase@57baeedf]" name="getBrowser" duration-ms="8022" started-at="2020-08-29T15:05:16Z" finished-at="2020-08-29T15:05:24Z">
          <params>
            <param index="0">
              <value>
                <![CDATA[chrome]]>
              </value>
            </param>
          </params>
          <reporter-output>
          </reporter-output>
        </test-method> <!-- getBrowser -->
        <test-method status="PASS" signature="teardown()[pri:0, instance:com.common.CrosBrowsserBase@57baeedf]" name="teardown" is-config="true" duration-ms="1007" started-at="2020-08-29T15:05:24Z" finished-at="2020-08-29T15:05:26Z">
          <reporter-output>
          </reporter-output>
        </test-method> <!-- teardown -->
        <test-method status="PASS" signature="getBrowser(java.lang.String)[pri:0, instance:com.common.CrosBrowsserBase@57baeedf]" name="getBrowser" is-config="true" duration-ms="6738" started-at="2020-08-29T15:05:26Z" finished-at="2020-08-29T15:05:32Z">
          <params>
            <param index="0">
              <value>
                <![CDATA[chrome]]>
              </value>
            </param>
          </params>
          <reporter-output>
          </reporter-output>
        </test-method> <!-- getBrowser -->
        <test-method status="PASS" signature="testt()[pri:0, instance:com.common.CrosBrowsserBase@57baeedf]" name="testt" duration-ms="24" started-at="2020-08-29T15:05:32Z" finished-at="2020-08-29T15:05:32Z">
          <reporter-output>
          </reporter-output>
        </test-method> <!-- testt -->
        <test-method status="PASS" signature="teardown()[pri:0, instance:com.common.CrosBrowsserBase@57baeedf]" name="teardown" is-config="true" duration-ms="748" started-at="2020-08-29T15:05:32Z" finished-at="2020-08-29T15:05:33Z">
          <reporter-output>
          </reporter-output>
        </test-method> <!-- teardown -->
      </class> <!-- com.common.CrosBrowsserBase -->
    </test> <!-- chrometest -->
  </suite> <!-- Suite -->
</testng-results>
